<?xml version="1.0" encoding="UTF-8"?>
<!-- Generated by org.testng.reporters.JUnitReportReporter -->
<testsuite hostname="DNJ" failures="0" tests="1" name="sef.compassion.testcases.calendar" time="35.317" errors="0" timestamp="2022-07-18T10:22:47 IST" skipped="0">
  <testcase classname="sef.compassion.testcases.calendar" name="test" time="35.317"/>
  <system-out/>
</testsuite> <!-- sef.compassion.testcases.calendar -->
