<?xml version="1.0" encoding="UTF-8"?>
<!-- Generated by org.testng.reporters.JUnitReportReporter -->
<testsuite hostname="DNJ" failures="0" tests="1" name="sef.compassion.testcases.calendar" time="18.857" errors="0" timestamp="2022-07-19T08:52:12 IST" skipped="0">
  <testcase classname="sef.compassion.testcases.calendar" name="test" time="18.857"/>
  <system-out/>
</testsuite> <!-- sef.compassion.testcases.calendar -->
