<?xml version="1.0" encoding="UTF-8"?>
<!-- Generated by org.testng.reporters.JUnitReportReporter -->
<testsuite hostname="INETC2276" failures="0" tests="1" name="sef.compassion.testcases.SEF_IndividualSponsorshipRNandBankdetails" time="21.649" errors="0" timestamp="2022-07-04T10:59:11 BST" skipped="0">
  <testcase classname="sef.compassion.testcases.SEF_IndividualSponsorshipRNandBankdetails" name="SearchChildUsingId" time="21.649"/>
  <system-out/>
</testsuite> <!-- sef.compassion.testcases.SEF_IndividualSponsorshipRNandBankdetails -->
