<?xml version="1.0" encoding="UTF-8"?>
<!-- Generated by org.testng.reporters.JUnitReportReporter -->
<testsuite hostname="DNJ" failures="0" tests="1" name="sef.compassion.testcases.new_user" time="134.399" errors="0" timestamp="2022-07-19T10:51:48 IST" skipped="0">
  <testcase classname="sef.compassion.testcases.new_user" name="test" time="134.399"/>
  <system-out/>
</testsuite> <!-- sef.compassion.testcases.new_user -->
