<?xml version="1.0" encoding="UTF-8"?>
<!-- Generated by org.testng.reporters.JUnitReportReporter -->
<testsuite hostname="DNJ" failures="0" tests="1" name="sef.compassion.testcases.new_user_sef" time="142.788" errors="0" timestamp="2022-07-19T15:55:02 IST" skipped="0">
  <testcase classname="sef.compassion.testcases.new_user_sef" name="test" time="142.788"/>
  <system-out/>
</testsuite> <!-- sef.compassion.testcases.new_user_sef -->
