<?xml version="1.0" encoding="UTF-8"?>
<!-- Generated by org.testng.reporters.JUnitReportReporter -->
<testsuite hostname="DNJ" failures="0" tests="1" name="sef.compassion.testcases.popup" time="63.554" errors="0" timestamp="2022-07-18T15:14:36 IST" skipped="0">
  <testcase classname="sef.compassion.testcases.popup" name="test" time="63.554"/>
  <system-out/>
</testsuite> <!-- sef.compassion.testcases.popup -->
